proguard.cfg
-optimizationpasses 5-dontusemixedcaseclassnames-dontskipnonpubliclibraryclasses-dontskipnonpubliclibraryclassmembers-dontpreverify-dontshrink-dontoptimize-verbose-optimizations !code/simplification/arithmetic,!field/*,!class/merging/*-dontwarn android.support.v13.**-dontwarn android.support.v7.**-dontwarn android.support.v4.**
-dontwarn android.net.http.**
-dontwarn com.weibo.sdk.android.**
-dontwarn com.sina.sso.**
-dontwarn com.sina.weibo.**
-dontwarn com.google.**-dontwarn android.webkit.WebView-dontwarn com.google.android.maps.**-dontwarn com.umeng.**-dontwarn com.tencent.weibo.sdk.**-dontwarn com.facebook.**-dontwarn org.apache.commons.**-dontwarn android.net.http.SslError-dontwarn com.amap.api.**-dontwarn com.a.a.**   -dontwarn com.autonavi.**  -dontwarn com.igexin.**-keep class com.igexin.**{*;}-keep class org.jsoup.**{*;}-keep class jp.live2d.**{*;}-keep class com.spreada.utils.**{*;}-keepattributes Exceptions,InnerClasses,...-libraryjars libs/jsoup-1.8.3.jar-libraryjars libs/live2d_android.jar-keepattributes *Annotation* -keep class com.amap.api.** {*;}-keep class com.autonavi.**  {*;}-keep class com.a.a.**  {*;}-keep public class * extends android.app.Activity-keep public class * extends android.app.Application-keep public class * extends android.app.Service-keep public class * extends android.content.BroadcastReceiver-keep public class * extends android.content.ContentProvider-keep public class * extends android.app.backup.BackupAgentHelper-keep public class * extends android.preference.Preference-keep public class * extends android.widget.AbsSeekBar-keep public class * extends android.view-keep public class com.android.vending.licensing.ILicensingService-keep class com.tencent.mm.sdk.openapi.WXMediaMessage {*;} -keep class com.tencent.mm.sdk.openapi.** implements com.tencent.mm.sdk.openapi.WXMediaMessage$IMediaObject {*;}
-keep class android.net.http.** {*;}-keep class com.weibo.sdk.android.** {*;}-keep class com.sina.sso.** {*;}-keep class com.sina.weibo.** {*;}
-keep class com.google.** {*;}-keep class com.umeng*.** {*; }-keep class com.kituri.tankmmdatabase.data.* {*;}-keep class com.meitun.mama.db.* {*;}-keep class net.tsz.afinal.* {*;}-keep class com.tencent.mm.sdk.** {   *;}-keep enum com.facebook.**-keepattributes Exceptions,InnerClasses,Signature-keepattributes *Annotation*-keepattributes SourceFile,LineNumberTable-keep public interface com.facebook.**-keep public interface com.tencent.**-keep public interface com.umeng.socialize.**-keep public interface com.umeng.socialize.sensor.**-keep public interface com.umeng.scrshot.**-keep public class android.net.http.SslError-keep public class com.meitun.mama.ui.common.BaseFragment{ public protected private *;}-keep public class com.meitun.mama.ui.common.BaseActivity{ public protected private *;}-keep class com.meitun.mama.beans.UserObj {public protected private *;}-keep class com.alipay.android.app.IAliPay{*;}-keep class com.alipay.android.app.IAlixPay{*;}-keep class com.alipay.android.app.IRemoteServiceCallback{*;}-keep class com.alipay.android.app.IRemoteServiceCallback$Stub{*;} -keep class com.alipay.sdk.app.PayTask{ public *;} -keep class com.alipay.sdk.auth.AlipaySDK{ public *;} -keep class com.alipay.sdk.auth.APAuthInfo{ public *;} -keep class com.alipay.mobilesecuritysdk.* -keep class com.ut.* -keep public class * extends android.view.View {    public <init>(android.content.Context);    public <init>(android.content.Context, android.util.AttributeSet);    public <init>(android.content.Context, android.util.AttributeSet, int);    public void set*(...);}-keepclassmembers class * {     boolean onBalloonTap(int ) ;}-keepclasseswithmembernames class * {    native <methods>;}-keepclasseswithmembers class * {    public <init>(android.app.Activity, java.util.ArrayList ,boolean );}-keepclasseswithmembers class * {    public <init>(android.content.Context, android.util.AttributeSet);}-keepclasseswithmembers class * {    public <init>(android.content.Context, android.util.AttributeSet, int);}-keepclassmembers class * extends android.app.Activity {   public void *(android.view.View);}-keepclassmembers enum * {    public static **[] values();    public static ** valueOf(java.lang.String);}-keep class * implements android.os.Parcelable {  public static final android.os.Parcelable$Creator *;}-keepclassmembers class **.R$* {    public static <fields>;}-keep class com.tencent.open.TDialog$*-keep class com.tencent.open.TDialog$* {*;}-keep class com.tencent.open.PKDialog-keep class com.tencent.open.PKDialog {*;}-keep class com.tencent.open.PKDialog$*-keep class com.tencent.open.PKDialog$* {*;}-keep class com.tencent.mm.sdk.openapi.WXMediaMessage {*;}-keep class com.tencent.mm.sdk.openapi.** implements com.tencent.mm.sdk.openapi.WXMediaMessage$IMediaObject {*;}-keep public class com.umeng.socialize.* {*;}-keep public class javax.**-keep public class android.webkit.**-keep class com.facebook.**-keep class com.umeng.scrshot.**-keep public class com.tencent.** {*;}-keep class com.umeng.socialize.sensor.**-keep class com.tencent.mm.sdk.modelmsg.WXMediaMessage {*;}-keep class com.tencent.mm.sdk.modelmsg.** implements com.tencent.mm.sdk.modelmsg.WXMediaMessage$IMediaObject {*;}-keep class im.yixin.sdk.api.YXMessage {*;}-keep class im.yixin.sdk.api.** implements im.yixin.sdk.api.YXMessage$YXMessageData{*;}-keep public class [your_pkg].R$*{    public static final int *;}