proguard/seeds.txt
com.kituri.tankmmdatabase.KituriTankMMApplication
com.kituri.tankmmdatabase.KituriTankMMApplication: KituriTankMMApplication()
com.kituri.tankmmdatabase.R$anim: int dialog_enter_anim
com.kituri.tankmmdatabase.R$anim: int dialog_exit_anim
com.kituri.tankmmdatabase.R$array: int bullet_manager_main_gun
com.kituri.tankmmdatabase.R$array: int equip_manager_all
com.kituri.tankmmdatabase.R$array: int equip_manager_solt
com.kituri.tankmmdatabase.R$array: int multiplicity_colors
com.kituri.tankmmdatabase.R$array: int tank_manager_default_all_string
com.kituri.tankmmdatabase.R$array: int tank_manager_national_all_string
com.kituri.tankmmdatabase.R$array: int tank_manager_res_all_string
com.kituri.tankmmdatabase.R$array: int tank_manager_star_all_string
com.kituri.tankmmdatabase.R$array: int tank_manager_statistic_all_string
com.kituri.tankmmdatabase.R$array: int tank_manager_tag_not_live2d
com.kituri.tankmmdatabase.R$array: int tank_manager_type_all_string
com.kituri.tankmmdatabase.R$array: int tech_manager_bodywork_all_string
com.kituri.tankmmdatabase.R$array: int tech_manager_engine_all_string
com.kituri.tankmmdatabase.R$array: int tech_manager_main_gun_all_string
com.kituri.tankmmdatabase.R$array: int tech_manager_seek_all_string
com.kituri.tankmmdatabase.R$array: int tech_manager_shield_all_string
com.kituri.tankmmdatabase.R$array: int tech_manager_type_all_string
com.kituri.tankmmdatabase.R$array: int tip_manager_terrain_attribute
com.kituri.tankmmdatabase.R$array: int ver_update_history
com.kituri.tankmmdatabase.R$attr: int buttonColor
com.kituri.tankmmdatabase.R$attr: int cornerRadius
com.kituri.tankmmdatabase.R$attr: int shadowColor
com.kituri.tankmmdatabase.R$attr: int shadowEnabled
com.kituri.tankmmdatabase.R$attr: int shadowHeight
com.kituri.tankmmdatabase.R$color: int chat_room_edit_hint_color
com.kituri.tankmmdatabase.R$color: int dialog_preview_bg
com.kituri.tankmmdatabase.R$color: int dialog_update
com.kituri.tankmmdatabase.R$color: int dialog_wait
com.kituri.tankmmdatabase.R$color: int fbutton_color_alizarin
com.kituri.tankmmdatabase.R$color: int fbutton_color_amethyst
com.kituri.tankmmdatabase.R$color: int fbutton_color_asbestos
com.kituri.tankmmdatabase.R$color: int fbutton_color_belize_hole
com.kituri.tankmmdatabase.R$color: int fbutton_color_carrot
com.kituri.tankmmdatabase.R$color: int fbutton_color_clouds
com.kituri.tankmmdatabase.R$color: int fbutton_color_concrete
com.kituri.tankmmdatabase.R$color: int fbutton_color_emerald
com.kituri.tankmmdatabase.R$color: int fbutton_color_green_sea
com.kituri.tankmmdatabase.R$color: int fbutton_color_midnight_blue
com.kituri.tankmmdatabase.R$color: int fbutton_color_nephritis
com.kituri.tankmmdatabase.R$color: int fbutton_color_orange
com.kituri.tankmmdatabase.R$color: int fbutton_color_peter_river
com.kituri.tankmmdatabase.R$color: int fbutton_color_pomegranate
com.kituri.tankmmdatabase.R$color: int fbutton_color_pumpkin
com.kituri.tankmmdatabase.R$color: int fbutton_color_silver
com.kituri.tankmmdatabase.R$color: int fbutton_color_sun_flower
com.kituri.tankmmdatabase.R$color: int fbutton_color_transparent
com.kituri.tankmmdatabase.R$color: int fbutton_color_turquoise
com.kituri.tankmmdatabase.R$color: int fbutton_color_wet_asphalt
...
org.jsoup.nodes.Attribute
org.jsoup.nodes.Attribute: java.lang.String[] booleanAttributes
org.jsoup.nodes.Attribute: java.lang.String key
org.jsoup.nodes.Attribute: java.lang.String value
org.jsoup.nodes.Attribute: Attribute(java.lang.String,java.lang.String)
org.jsoup.nodes.Attribute: java.lang.String getKey()
org.jsoup.nodes.Attribute: void setKey(java.lang.String)
org.jsoup.nodes.Attribute: java.lang.String getValue()
org.jsoup.nodes.Attribute: java.lang.String setValue(java.lang.String)
org.jsoup.nodes.Attribute: java.lang.String html()
org.jsoup.nodes.Attribute: void html(java.lang.StringBuilder,org.jsoup.nodes.Document$OutputSettings)
org.jsoup.nodes.Attribute: java.lang.String toString()
org.jsoup.nodes.Attribute: org.jsoup.nodes.Attribute createFromEncoded(java.lang.String,java.lang.String)
org.jsoup.nodes.Attribute: boolean isDataAttribute()
org.jsoup.nodes.Attribute: boolean shouldCollapseAttribute(org.jsoup.nodes.Document$OutputSettings)
org.jsoup.nodes.Attribute: boolean isBooleanAttribute()
org.jsoup.nodes.Attribute: boolean equals(java.lang.Object)
org.jsoup.nodes.Attribute: int hashCode()
org.jsoup.nodes.Attribute: org.jsoup.nodes.Attribute clone()
org.jsoup.nodes.Attribute: java.lang.Object clone()
org.jsoup.nodes.Attribute: java.lang.Object setValue(java.lang.Object)
org.jsoup.nodes.Attribute: java.lang.Object getValue()
org.jsoup.nodes.Attribute: java.lang.Object getKey()
org.jsoup.nodes.Attribute: void <clinit>()
org.jsoup.nodes.Attributes
org.jsoup.nodes.Attributes: java.lang.String dataPrefix
org.jsoup.nodes.Attributes: java.util.LinkedHashMap attributes
org.jsoup.nodes.Attributes: Attributes()
org.jsoup.nodes.Attributes: java.lang.String get(java.lang.String)
org.jsoup.nodes.Attributes: void put(java.lang.String,java.lang.String)
org.jsoup.nodes.Attributes: void put(java.lang.String,boolean)
org.jsoup.nodes.Attributes: void put(org.jsoup.nodes.Attribute)
org.jsoup.nodes.Attributes: void remove(java.lang.String)
org.jsoup.nodes.Attributes: boolean hasKey(java.lang.String)
org.jsoup.nodes.Attributes: int size()
org.jsoup.nodes.Attributes: void addAll(org.jsoup.nodes.Attributes)
org.jsoup.nodes.Attributes: java.util.Iterator iterator()
org.jsoup.nodes.Attributes: java.util.List asList()
org.jsoup.nodes.Attributes: java.util.Map dataset()
org.jsoup.nodes.Attributes: java.lang.String html()
org.jsoup.nodes.Attributes: void html(java.lang.StringBuilder,org.jsoup.nodes.Document$OutputSettings)
org.jsoup.nodes.Attributes: java.lang.String toString()
org.jsoup.nodes.Attributes: boolean equals(java.lang.Object)
org.jsoup.nodes.Attributes: int hashCode()
org.jsoup.nodes.Attributes: org.jsoup.nodes.Attributes clone()
org.jsoup.nodes.Attributes: java.lang.String dataKey(java.lang.String)
org.jsoup.nodes.Attributes: java.lang.Object clone()
org.jsoup.nodes.Attributes: java.util.LinkedHashMap access$100(org.jsoup.nodes.Attributes)
org.jsoup.nodes.Attributes$1
org.jsoup.nodes.Attributes$Dataset
org.jsoup.nodes.Attributes$Dataset: org.jsoup.nodes.Attributes this$0
org.jsoup.nodes.Attributes$Dataset: Attributes$Dataset(org.jsoup.nodes.Attributes)
org.jsoup.nodes.Attributes$Dataset: java.util.Set entrySet()
org.jsoup.nodes.Attributes$Dataset: java.lang.String put(java.lang.String,java.lang.String)
org.jsoup.nodes.Attributes$Dataset: java.lang.Object put(java.lang.Object,java.lang.Object)
org.jsoup.nodes.Attributes$Dataset: Attributes$Dataset(org.jsoup.nodes.Attributes,org.jsoup.nodes.Attributes$1)