proguard/mapping.txt
com.kituri.tankmmdatabase.BuildConfig -> com.kituri.tankmmdatabase.a:
    boolean DEBUG -> a
com.kituri.tankmmdatabase.KituriTankMMApplication -> com.kituri.tankmmdatabase.KituriTankMMApplication:
    java.util.ArrayList tanks -> a
    java.util.ArrayList engines -> b
    java.util.ArrayList bodyworks -> c
    java.util.ArrayList shields -> d
    java.util.ArrayList bullets -> e
    java.util.ArrayList techs -> f
    java.util.ArrayList terrains -> g
    java.lang.Boolean IS_DEBUG_MODE -> h
    java.lang.String MODE_NEED_UPDATE -> i
    65:69:void gotoTechTypeDetail(android.content.Context,com.kituri.tankmmdatabase.data.tech.TechTypeData) -> a
    82:86:void gotoTechList(android.content.Context,com.kituri.tankmmdatabase.data.tech.TechSearchData) -> a
    89:93:void gotoEquipList(android.content.Context,com.kituri.tankmmdatabase.data.equip.EquipSearchData) -> a
    104:105:void gotoTankList(android.content.Context) -> a
    108:112:void gotoTankList(android.content.Context,com.kituri.tankmmdatabase.data.tank.TankSearchFilterData) -> a
    115:119:void gotoTankDetail(android.content.Context,com.kituri.tankmmdatabase.data.tank.TankData) -> a
    122:126:void gotoLive2D(android.content.Context,com.kituri.tankmmdatabase.data.tank.TankData) -> b
    130:132:void gotoTips(android.content.Context) -> b
    136:138:void gotoMetaphysics(android.content.Context) -> c
    142:146:void gotoOfficialStrategyDetail(android.content.Context,com.kituri.tankmmdatabase.data.tip.Tip) -> a
    150:152:void gotoOfficialStrategy(android.content.Context) -> d
com.kituri.tankmmdatabase.R -> com.kituri.tankmmdatabase.b:
com.kituri.tankmmdatabase.R$anim -> com.kituri.tankmmdatabase.b$a:
    int dialog_enter_anim -> dialog_enter_anim
    int dialog_exit_anim -> dialog_exit_anim
com.kituri.tankmmdatabase.R$array -> com.kituri.tankmmdatabase.b$b:
    int bullet_manager_main_gun -> bullet_manager_main_gun
    int equip_manager_all -> equip_manager_all
    int equip_manager_solt -> equip_manager_solt
    int multiplicity_colors -> multiplicity_colors
    int tank_manager_default_all_string -> tank_manager_default_all_string
    int tank_manager_national_all_string -> tank_manager_national_all_string
    int tank_manager_res_all_string -> tank_manager_res_all_string
    int tank_manager_star_all_string -> tank_manager_star_all_string
    int tank_manager_statistic_all_string -> tank_manager_statistic_all_string
    int tank_manager_tag_not_live2d -> tank_manager_tag_not_live2d
    int tank_manager_type_all_string -> tank_manager_type_all_string
    int tech_manager_bodywork_all_string -> tech_manager_bodywork_all_string
    int tech_manager_engine_all_string -> tech_manager_engine_all_string
    int tech_manager_main_gun_all_string -> tech_manager_main_gun_all_string
    int tech_manager_seek_all_string -> tech_manager_seek_all_string
    int tech_manager_shield_all_string -> tech_manager_shield_all_string
    int tech_manager_type_all_string -> tech_manager_type_all_string
    int tip_manager_terrain_attribute -> tip_manager_terrain_attribute
    int ver_update_history -> ver_update_history
com.kituri.tankmmdatabase.R$attr -> com.kituri.tankmmdatabase.b$c:
    int buttonColor -> buttonColor
    int cornerRadius -> cornerRadius
    int shadowColor -> shadowColor
    int shadowEnabled -> shadowEnabled
    int shadowHeight -> shadowHeight
...
android.support.v4.content.IntentCompat$IntentCompatImpl -> android.support.v4.content.i$a:
    android.content.Intent makeMainActivity(android.content.ComponentName) -> a
    android.content.Intent makeMainSelectorActivity(java.lang.String,java.lang.String) -> a
    android.content.Intent makeRestartActivityTask(android.content.ComponentName) -> b
android.support.v4.content.IntentCompat$IntentCompatImplBase -> android.support.v4.content.i$b:
    39:42:android.content.Intent makeMainActivity(android.content.ComponentName) -> a
    51:53:android.content.Intent makeMainSelectorActivity(java.lang.String,java.lang.String) -> a
    58:61:android.content.Intent makeRestartActivityTask(android.content.ComponentName) -> b
android.support.v4.content.IntentCompat$IntentCompatImplHC -> android.support.v4.content.i$c:
    68:68:android.content.Intent makeMainActivity(android.content.ComponentName) -> a
    72:72:android.content.Intent makeRestartActivityTask(android.content.ComponentName) -> b
android.support.v4.content.IntentCompat$IntentCompatImplIcsMr1 -> android.support.v4.content.i$d:
    79:79:android.content.Intent makeMainSelectorActivity(java.lang.String,java.lang.String) -> a
android.support.v4.content.IntentCompatHoneycomb -> android.support.v4.content.j:
    24:24:android.content.Intent makeMainActivity(android.content.ComponentName) -> a
    28:28:android.content.Intent makeRestartActivityTask(android.content.ComponentName) -> b
android.support.v4.content.IntentCompatIcsMr1 -> android.support.v4.content.k:
    24:24:android.content.Intent makeMainSelectorActivity(java.lang.String,java.lang.String) -> a
android.support.v4.content.Loader -> android.support.v4.content.l:
    int mId -> o
    android.support.v4.content.Loader$OnLoadCompleteListener mListener -> p
    android.content.Context mContext -> q
    boolean mStarted -> r
    boolean mAbandoned -> s
    boolean mReset -> t
    boolean mContentChanged -> u
    boolean mProcessingChange -> v
    103:106:void deliverResult(java.lang.Object) -> b
    112:112:android.content.Context getContext() -> p
    119:119:int getId() -> q
    130:135:void registerListener(int,android.support.v4.content.Loader$OnLoadCompleteListener) -> a
    143:150:void unregisterListener(android.support.v4.content.Loader$OnLoadCompleteListener) -> a
    158:158:boolean isStarted() -> r
    167:167:boolean isAbandoned() -> s
    176:176:boolean isReset() -> t
    195:199:void startLoading() -> u
    207:207:void onStartLoading() -> h
    218:219:void forceLoad() -> v
    226:226:void onForceLoad() -> a
    243:245:void stopLoading() -> w
    254:254:void onStopLoading() -> i
    262:264:void abandon() -> x
    276:276:void onAbandon() -> y
    291:297:void reset() -> z
    306:306:void onReset() -> j
    314:317:boolean takeContentChanged() -> A
    328:329:void commitContentChanged() -> B
    339:342:void rollbackContentChanged() -> C
    353:361:void onContentChanged() -> D
    368:371:java.lang.String dataToString(java.lang.Object) -> c
    376:381:java.lang.String toString() -> toString
android.support.v4.content.Loader$ForceLoadContentObserver -> android.support.v4.content.l$a:
    android.support.v4.content.Loader this$0 -> a
    58:58:boolean deliverSelfNotifications() -> deliverSelfNotifications
    63:64:void onChange(boolean) -> onChange
android.support.v4.content.Loader$OnLoadCompleteListener -> android.support.v4.content.l$b:
    void onLoadComplete(android.support.v4.content.Loader,java.lang.Object) -> a